
> webstore@0.1.0 test
> react-scripts test --coverage

PASS src/pages/Signin.test.tsx
PASS src/pages/Admin.test.tsx
------------------|---------|----------|---------|---------|-----------------------------------------------------------------------------------------------------------
File              | % Stmts | % Branch | % Funcs | % Lines | Uncovered Line #s                                                                                         
------------------|---------|----------|---------|---------|-----------------------------------------------------------------------------------------------------------
All files         |    8.23 |     5.07 |    4.34 |    8.41 |                                                                                                           
 src              |    5.35 |        0 |       0 |    5.35 |                                                                                                           
  App.tsx         |       0 |        0 |       0 |       0 | 34-163                                                                                                    
  firebase.tsx    |      25 |      100 |       0 |      25 | 26-47                                                                                                     
 src/components   |       0 |        0 |       0 |       0 |                                                                                                           
  Catalog.tsx     |       0 |        0 |       0 |       0 | 31-256                                                                                                    
  Contact.tsx     |       0 |        0 |       0 |       0 | 6-36                                                                                                      
  Dialog.tsx      |       0 |      100 |       0 |       0 | 12-19                                                                                                     
  Features.tsx    |       0 |      100 |       0 |       0 | 5                                                                                                         
  Footer.tsx      |       0 |      100 |       0 |       0 | 5                                                                                                         
  Header.tsx      |       0 |      100 |       0 |       0 | 6                                                                                                         
  HotProducts.tsx |       0 |        0 |       0 |       0 | 12-70                                                                                                     
  Navbar.tsx      |       0 |        0 |       0 |       0 | 19-34                                                                                                     
  PaymentForm.tsx |       0 |        0 |       0 |       0 | 27-164                                                                                                    
  Promotion.tsx   |       0 |        0 |       0 |       0 | 9-28                                                                                                      
  Protected.tsx   |       0 |        0 |       0 |       0 | 14-19                                                                                                     
 src/context      |   30.76 |      100 |      20 |   30.76 |                                                                                                           
  AuthContext.tsx |   30.76 |      100 |      20 |   30.76 | 18-33                                                                                                     
 src/interfaces   |       0 |        0 |       0 |       0 |                                                                                                           
  cart.ts         |       0 |        0 |       0 |       0 |                                                                                                           
  cartProduct.ts  |       0 |        0 |       0 |       0 |                                                                                                           
  order.ts        |       0 |        0 |       0 |       0 |                                                                                                           
  product.ts      |       0 |        0 |       0 |       0 |                                                                                                           
  user.ts         |       0 |        0 |       0 |       0 |                                                                                                           
 src/pages        |   10.98 |     8.33 |     6.2 |   11.13 |                                                                                                           
  AboutUs.tsx     |       0 |      100 |       0 |       0 | 4-5                                                                                                       
  Account.tsx     |       0 |        0 |       0 |       0 | 30-302                                                                                                    
  Admin.tsx       |   31.65 |     30.3 |   13.33 |   32.59 | 58-72,79-87,96-97,103-107,113-117,121-125,151-152,158-160,167-169,178-192,196-201,208-234,243-270,297-540 
  Checkout.tsx    |       0 |        0 |       0 |       0 | 29-767                                                                                                    
  Home.tsx        |       0 |      100 |       0 |       0 | 6-7                                                                                                       
  Products.tsx    |       0 |      100 |       0 |       0 | 5-6                                                                                                       
  Signin.tsx      |   25.92 |    18.18 |   28.57 |   25.92 | 25-28,32-106,110-118,124-125,173                                                                          
  Signup.tsx      |       0 |        0 |       0 |       0 | 16-153                                                                                                    
------------------|---------|----------|---------|---------|-----------------------------------------------------------------------------------------------------------

Test Suites: 2 passed, 2 total
Tests:       6 passed, 6 total
Snapshots:   0 total
Time:        5.662 s
Ran all test suites.
